\BOOKMARK [1][-]{section.1}{\376\377\000E\000x\000p\000e\000r\000i\000m\000e\000n\000t\000s\000\040\000i\000n\000\040\000t\000h\000e\000\040\000t\000a\000b\000u\000l\000a\000r\000\040\000s\000e\000t\000t\000i\000n\000g}{}% 1
\BOOKMARK [2][-]{subsection.1.1}{\376\377\000A\000l\000g\000o\000r\000i\000t\000h\000m\000i\000c\000\040\000D\000e\000t\000a\000i\000l\000s}{section.1}% 2
\BOOKMARK [2][-]{subsection.1.2}{\376\377\000E\000m\000p\000i\000r\000i\000c\000a\000l\000\040\000D\000e\000t\000a\000i\000l\000s}{section.1}% 3
\BOOKMARK [2][-]{subsection.1.3}{\376\377\000E\000x\000p\000e\000r\000i\000m\000e\000n\000t\000a\000l\000\040\000R\000e\000s\000u\000l\000t\000s}{section.1}% 4
\BOOKMARK [2][-]{subsection.1.4}{\376\377\000D\000i\000s\000c\000u\000s\000s\000i\000o\000n}{section.1}% 5
\BOOKMARK [1][-]{section.2}{\376\377\000A\000n\000a\000l\000y\000t\000i\000c\000a\000l\000\040\000U\000p\000d\000a\000t\000e\000s\000\040\000a\000n\000d\000\040\000G\000r\000a\000d\000i\000e\000n\000t\000\040\000E\000x\000p\000r\000e\000s\000s\000i\000o\000n\000s\000\040\000f\000o\000r\000\040\000t\000a\000b\000u\000l\000a\000r\000\040\000P\000G\000\040\000A\000l\000g\000o\000r\000i\000t\000h\000m\000s}{}% 6
\BOOKMARK [2][-]{subsection.2.1}{\376\377\000s\000M\000D\000P\000O\000\040\000w\000i\000t\000h\000\040\000T\000a\000b\000u\000l\000a\000r\000\040\000P\000a\000r\000a\000m\000e\000t\000e\000r\000i\000z\000a\000t\000i\000o\000n}{section.2}% 7
\BOOKMARK [3][-]{subsubsection.2.1.1}{\376\377\000C\000l\000o\000s\000e\000d\000\040\000F\000o\000r\000m\000\040\000U\000p\000d\000a\000t\000e\000\040\000w\000i\000t\000h\000\040\000D\000i\000r\000e\000c\000t\000\040\000R\000e\000p\000r\000e\000s\000e\000n\000t\000a\000t\000i\000o\000n}{subsection.2.1}% 8
\BOOKMARK [3][-]{subsubsection.2.1.2}{\376\377\000G\000r\000a\000d\000i\000e\000n\000t\000\040\000o\000f\000\040\000t\000h\000e\000\040\000L\000o\000s\000s\000\040\000F\000u\000n\000c\000t\000i\000o\000n\000\040\000w\000i\000t\000h\000\040\000S\000o\000f\000t\000m\000a\000x\000\040\000P\000o\000l\000i\000c\000y\000\040\000R\000e\000p\000r\000e\000s\000e\000n\000t\000a\000t\000i\000o\000n}{subsection.2.1}% 9
\BOOKMARK [2][-]{subsection.2.2}{\376\377\000M\000i\000r\000r\000o\000r\000\040\000D\000e\000s\000c\000e\000n\000t\000\040\000P\000o\000l\000i\000c\000y\000\040\000O\000p\000t\000i\000m\000i\000z\000a\000t\000i\000o\000n\000\040\000\050\000M\000D\000P\000O\000\051}{section.2}% 10
\BOOKMARK [3][-]{subsubsection.2.2.1}{\376\377\000C\000l\000o\000s\000e\000d\000\040\000F\000o\000r\000m\000\040\000U\000p\000d\000a\000t\000e\000\040\000w\000i\000t\000h\000\040\000D\000i\000r\000e\000c\000t\000\040\000P\000a\000r\000a\000m\000e\000t\000e\000r\000i\000z\000a\000t\000i\000o\000n}{subsection.2.2}% 11
\BOOKMARK [3][-]{subsubsection.2.2.2}{\376\377\000G\000r\000a\000d\000i\000e\000n\000t\000\040\000o\000f\000\040\000t\000h\000e\000\040\000M\000D\000P\000O\000\040\000L\000o\000s\000s\000\040\000F\000u\000n\000c\000t\000i\000o\000n\000\040\000w\000i\000t\000h\000\040\000T\000a\000b\000u\000l\000a\000r\000\040\000S\000o\000f\000t\000m\000a\000x\000\040\000R\000e\000p\000r\000e\000s\000e\000n\000t\000a\000t\000i\000o\000n}{subsection.2.2}% 12
\BOOKMARK [2][-]{subsection.2.3}{\376\377\000T\000r\000u\000s\000t\000\040\000R\000e\000g\000i\000o\000n\000\040\000P\000o\000l\000i\000c\000y\000\040\000O\000p\000t\000i\000m\000i\000z\000a\000t\000i\000o\000n\000\040\000\050\000T\000R\000P\000O\000\051}{section.2}% 13
\BOOKMARK [2][-]{subsection.2.4}{\376\377\000P\000r\000o\000x\000i\000m\000a\000l\000\040\000P\000o\000l\000i\000c\000y\000\040\000O\000p\000t\000i\000m\000i\000z\000a\000t\000i\000o\000n\000\040\000\050\000P\000P\000O\000\051}{section.2}% 14
\BOOKMARK [2][-]{subsection.2.5}{\376\377\000M\000D\000P\000O\000\040\000w\000i\000t\000h\000\040\000C\000o\000n\000s\000t\000r\000a\000i\000n\000t\000s}{section.2}% 15
\BOOKMARK [1][-]{section.3}{\376\377\000A\000p\000p\000e\000n\000d\000i\000x}{}% 16
\BOOKMARK [2][-]{subsection.3.1}{\376\377\000A\000l\000g\000o\000r\000i\000t\000h\000m\000i\000c\000\040\000D\000e\000t\000a\000i\000l\000s}{section.3}% 17
\BOOKMARK [2][-]{subsection.3.2}{\376\377\000E\000m\000p\000i\000r\000i\000c\000a\000l\000\040\000D\000e\000t\000a\000i\000l\000s}{section.3}% 18
\BOOKMARK [2][-]{subsection.3.3}{\376\377\000E\000x\000p\000e\000r\000i\000m\000e\000n\000t\000a\000l\000\040\000R\000e\000s\000u\000l\000t\000s}{section.3}% 19
\BOOKMARK [2][-]{subsection.3.4}{\376\377\000D\000i\000s\000c\000u\000s\000s\000i\000o\000n}{section.3}% 20
\BOOKMARK [1][-]{section.4}{\376\377\000A\000n\000a\000l\000y\000t\000i\000c\000a\000l\000\040\000U\000p\000d\000a\000t\000e\000s\000\040\000a\000n\000d\000\040\000G\000r\000a\000d\000i\000e\000n\000t\000\040\000E\000x\000p\000r\000e\000s\000s\000i\000o\000n\000s\000\040\000f\000o\000r\000\040\000t\000a\000b\000u\000l\000a\000r\000\040\000P\000G\000\040\000A\000l\000g\000o\000r\000i\000t\000h\000m\000s}{}% 21
\BOOKMARK [2][-]{subsection.4.1}{\376\377\000s\000M\000D\000P\000O\000\040\000w\000i\000t\000h\000\040\000T\000a\000b\000u\000l\000a\000r\000\040\000P\000a\000r\000a\000m\000e\000t\000e\000r\000i\000z\000a\000t\000i\000o\000n}{section.4}% 22
\BOOKMARK [3][-]{subsubsection.4.1.1}{\376\377\000C\000l\000o\000s\000e\000d\000\040\000F\000o\000r\000m\000\040\000U\000p\000d\000a\000t\000e\000\040\000w\000i\000t\000h\000\040\000D\000i\000r\000e\000c\000t\000\040\000R\000e\000p\000r\000e\000s\000e\000n\000t\000a\000t\000i\000o\000n}{subsection.4.1}% 23
\BOOKMARK [3][-]{subsubsection.4.1.2}{\376\377\000G\000r\000a\000d\000i\000e\000n\000t\000\040\000o\000f\000\040\000t\000h\000e\000\040\000L\000o\000s\000s\000\040\000F\000u\000n\000c\000t\000i\000o\000n\000\040\000w\000i\000t\000h\000\040\000S\000o\000f\000t\000m\000a\000x\000\040\000P\000o\000l\000i\000c\000y\000\040\000R\000e\000p\000r\000e\000s\000e\000n\000t\000a\000t\000i\000o\000n}{subsection.4.1}% 24
\BOOKMARK [2][-]{subsection.4.2}{\376\377\000M\000i\000r\000r\000o\000r\000\040\000D\000e\000s\000c\000e\000n\000t\000\040\000P\000o\000l\000i\000c\000y\000\040\000O\000p\000t\000i\000m\000i\000z\000a\000t\000i\000o\000n\000\040\000\050\000M\000D\000P\000O\000\051}{section.4}% 25
\BOOKMARK [3][-]{subsubsection.4.2.1}{\376\377\000C\000l\000o\000s\000e\000d\000\040\000F\000o\000r\000m\000\040\000U\000p\000d\000a\000t\000e\000\040\000w\000i\000t\000h\000\040\000D\000i\000r\000e\000c\000t\000\040\000P\000a\000r\000a\000m\000e\000t\000e\000r\000i\000z\000a\000t\000i\000o\000n}{subsection.4.2}% 26
\BOOKMARK [3][-]{subsubsection.4.2.2}{\376\377\000G\000r\000a\000d\000i\000e\000n\000t\000\040\000o\000f\000\040\000t\000h\000e\000\040\000M\000D\000P\000O\000\040\000L\000o\000s\000s\000\040\000F\000u\000n\000c\000t\000i\000o\000n\000\040\000w\000i\000t\000h\000\040\000T\000a\000b\000u\000l\000a\000r\000\040\000S\000o\000f\000t\000m\000a\000x\000\040\000R\000e\000p\000r\000e\000s\000e\000n\000t\000a\000t\000i\000o\000n}{subsection.4.2}% 27
\BOOKMARK [2][-]{subsection.4.3}{\376\377\000T\000r\000u\000s\000t\000\040\000R\000e\000g\000i\000o\000n\000\040\000P\000o\000l\000i\000c\000y\000\040\000O\000p\000t\000i\000m\000i\000z\000a\000t\000i\000o\000n\000\040\000\050\000T\000R\000P\000O\000\051}{section.4}% 28
\BOOKMARK [2][-]{subsection.4.4}{\376\377\000P\000r\000o\000x\000i\000m\000a\000l\000\040\000P\000o\000l\000i\000c\000y\000\040\000O\000p\000t\000i\000m\000i\000z\000a\000t\000i\000o\000n\000\040\000\050\000P\000P\000O\000\051}{section.4}% 29
\BOOKMARK [2][-]{subsection.4.5}{\376\377\000M\000D\000P\000O\000\040\000w\000i\000t\000h\000\040\000C\000o\000n\000s\000t\000r\000a\000i\000n\000t\000s}{section.4}% 30
